2025-06-03 00:21:03,514 NanoPlot 1.44.1 started with arguments Namespace(threads=4, verbose=False, store=False, raw=False, huge=False, outdir='.', no_static=False, prefix='', tsv_stats=True, only_report=False, info_in_report=False, maxlength=50000, minlength=None, drop_outliers=False, downsample=None, loglength=True, percentqual=False, alength=False, minqual=None, runtime_until=None, readtype='1D', barcoded=False, no_supplementary=False, color='#4CB391', colormap='Greens', format=['png'], plots=['kde', 'dot'], legacy=None, listcolors=False, listcolormaps=False, no_N50=False, N50=False, title=None, font_scale=1, dpi=100, hide_stats=False, fastq=None, fasta=None, fastq_rich=None, fastq_minimal=None, summary=['../../files/ont-qc/sequencing_summary_st4.txt'], bam=None, ubam=None, cram=None, pickle=None, feather=None, path='./')
2025-06-03 00:21:03,514 Python version is: 3.12.10 | packaged by conda-forge | (main, Apr 10 2025, 22:21:13) [GCC 13.3.0]
2025-06-03 00:21:03,524 Nanoget: Collecting metrics from summary file ../../files/ont-qc/sequencing_summary_st4.txt for 1D sequencing
2025-06-03 00:21:10,834 Nanoget: Finished collecting statistics from summary file ../../files/ont-qc/sequencing_summary_st4.txt
2025-06-03 00:21:11,172 Reduced DataFrame memory usage from 172.5040740966797Mb to 172.5040740966797Mb
2025-06-03 00:21:11,569 Nanoget: Gathered all metrics of 3768409 reads
2025-06-03 00:21:12,862 Calculated statistics
2025-06-03 00:21:12,862 Using sequenced read lengths for plotting.
2025-06-03 00:21:12,952 Hidding 1886 reads longer than 50000bp in length plots.
2025-06-03 00:21:12,979 Using log10 scaled read lengths.
2025-06-03 00:21:13,112 NanoPlot:  Valid color #4CB391.
2025-06-03 00:21:13,112 NanoPlot:  Valid colormap Greens.
2025-06-03 00:21:13,241 NanoPlot:  Creating length plots for Read length.
2025-06-03 00:21:13,242 NanoPlot:  Using 3766523 reads maximum of 49987bp.
2025-06-03 00:21:18,703 Saved ./WeightedHistogramReadlength  as png (or png for --legacy)
2025-06-03 00:21:22,451 Saved ./WeightedLogTransformed_HistogramReadlength  as png (or png for --legacy)
2025-06-03 00:21:26,092 Saved ./Non_weightedHistogramReadlength  as png (or png for --legacy)
2025-06-03 00:21:28,778 Saved ./Non_weightedLogTransformed_HistogramReadlength  as png (or png for --legacy)
2025-06-03 00:21:28,778 NanoPlot: Creating yield by minimal length plot for Read length.
2025-06-03 00:21:35,912 Saved ./Yield_By_Length  as png (or png for --legacy)
2025-06-03 00:21:35,913 Created length plots
2025-06-03 00:21:36,087 NanoPlot: Creating Read lengths vs Average read quality plots using 3766523 reads.
2025-06-03 00:21:40,600 Saved ./LengthvsQualityScatterPlot_dot  as png (or png for --legacy)
2025-06-03 00:21:44,509 Saved ./LengthvsQualityScatterPlot_kde  as png (or png for --legacy)
2025-06-03 00:21:44,688 NanoPlot: Creating Read lengths vs Average read quality plots using 3766523 reads.
2025-06-03 00:21:49,005 Saved ./LengthvsQualityScatterPlot_loglength_dot  as png (or png for --legacy)
2025-06-03 00:21:53,162 Saved ./LengthvsQualityScatterPlot_loglength_kde  as png (or png for --legacy)
2025-06-03 00:21:53,173 Created LengthvsQual plot
2025-06-03 00:21:53,173 Nanoplotter: Creating heatmap of reads per channel using 3768409 reads.
2025-06-03 00:21:57,646 Saved ./ActivityMap_ReadsPerChannel  as png (or png for --legacy)
2025-06-03 00:21:57,646 Created spatialheatmap for succesfull basecalls.
2025-06-03 00:21:57,646 Nanoplotter: Creating timeplots using 3768409 (full) or 10000 (subsampled dataset) reads.
2025-06-03 00:22:01,710 Saved ./CumulativeYieldPlot_Gigabases  as png (or png for --legacy)
2025-06-03 00:22:05,267 Saved ./CumulativeYieldPlot_NumberOfReads  as png (or png for --legacy)
2025-06-03 00:22:09,207 Saved ./NumberOfReads_Over_Time  as png (or png for --legacy)
2025-06-03 00:22:13,707 Saved ./ActivePores_Over_Time  as png (or png for --legacy)
2025-06-03 00:22:17,373 Saved ./TimeLengthViolinPlot  as png (or png for --legacy)
2025-06-03 00:22:22,093 Saved ./TimeQualityViolinPlot  as png (or png for --legacy)
2025-06-03 00:22:26,096 Saved ./TimeSequencingSpeed_ViolinPlot  as png (or png for --legacy)
2025-06-03 00:22:26,098 Nanoplotter: Creating timeplots using 3768409 (full) or 10000 (subsampled dataset) reads.
2025-06-03 00:22:29,813 Saved ./CumulativeYieldPlot_Gigabases  as png (or png for --legacy)
2025-06-03 00:22:34,210 Saved ./CumulativeYieldPlot_NumberOfReads  as png (or png for --legacy)
2025-06-03 00:22:38,148 Saved ./NumberOfReads_Over_Time  as png (or png for --legacy)
2025-06-03 00:22:42,519 Saved ./ActivePores_Over_Time  as png (or png for --legacy)
2025-06-03 00:22:47,490 Saved ./TimeLogLengthViolinPlot  as png (or png for --legacy)
2025-06-03 00:22:51,922 Saved ./TimeQualityViolinPlot  as png (or png for --legacy)
2025-06-03 00:22:55,926 Saved ./TimeSequencingSpeed_ViolinPlot  as png (or png for --legacy)
2025-06-03 00:22:55,928 Created timeplots.
2025-06-03 00:22:55,928 Writing html report.
2025-06-03 00:22:55,930 Finished!
