2025-06-03 00:18:07,356 NanoPlot 1.44.1 started with arguments Namespace(threads=4, verbose=False, store=False, raw=False, huge=False, outdir='.', no_static=False, prefix='', tsv_stats=True, only_report=False, info_in_report=False, maxlength=50000, minlength=None, drop_outliers=False, downsample=None, loglength=True, percentqual=False, alength=False, minqual=None, runtime_until=None, readtype='1D', barcoded=False, no_supplementary=False, color='#4CB391', colormap='Greens', format=['png'], plots=['kde', 'dot'], legacy=None, listcolors=False, listcolormaps=False, no_N50=False, N50=False, title=None, font_scale=1, dpi=100, hide_stats=False, fastq=None, fasta=None, fastq_rich=None, fastq_minimal=None, summary=['../../files/ont-qc/sequencing_summary_st5.txt'], bam=None, ubam=None, cram=None, pickle=None, feather=None, path='./')
2025-06-03 00:18:07,356 Python version is: 3.12.10 | packaged by conda-forge | (main, Apr 10 2025, 22:21:13) [GCC 13.3.0]
2025-06-03 00:18:07,364 Nanoget: Collecting metrics from summary file ../../files/ont-qc/sequencing_summary_st5.txt for 1D sequencing
2025-06-03 00:18:18,177 Nanoget: Finished collecting statistics from summary file ../../files/ont-qc/sequencing_summary_st5.txt
2025-06-03 00:18:18,765 Reduced DataFrame memory usage from 235.63645935058594Mb to 235.63645935058594Mb
2025-06-03 00:18:19,320 Nanoget: Gathered all metrics of 5147557 reads
2025-06-03 00:18:21,276 Calculated statistics
2025-06-03 00:18:21,277 Using sequenced read lengths for plotting.
2025-06-03 00:18:21,408 Hidding 3095 reads longer than 50000bp in length plots.
2025-06-03 00:18:21,451 Using log10 scaled read lengths.
2025-06-03 00:18:21,640 NanoPlot:  Valid color #4CB391.
2025-06-03 00:18:21,640 NanoPlot:  Valid colormap Greens.
2025-06-03 00:18:21,830 NanoPlot:  Creating length plots for Read length.
2025-06-03 00:18:21,832 NanoPlot:  Using 5144462 reads maximum of 49996bp.
2025-06-03 00:18:26,530 Saved ./WeightedHistogramReadlength  as png (or png for --legacy)
2025-06-03 00:18:30,512 Saved ./WeightedLogTransformed_HistogramReadlength  as png (or png for --legacy)
2025-06-03 00:18:34,137 Saved ./Non_weightedHistogramReadlength  as png (or png for --legacy)
2025-06-03 00:18:37,827 Saved ./Non_weightedLogTransformed_HistogramReadlength  as png (or png for --legacy)
2025-06-03 00:18:37,827 NanoPlot: Creating yield by minimal length plot for Read length.
2025-06-03 00:18:41,933 Saved ./Yield_By_Length  as png (or png for --legacy)
2025-06-03 00:18:41,934 Created length plots
2025-06-03 00:18:42,178 NanoPlot: Creating Read lengths vs Average read quality plots using 5144462 reads.
2025-06-03 00:18:47,170 Saved ./LengthvsQualityScatterPlot_dot  as png (or png for --legacy)
2025-06-03 00:18:51,119 Saved ./LengthvsQualityScatterPlot_kde  as png (or png for --legacy)
2025-06-03 00:18:51,372 NanoPlot: Creating Read lengths vs Average read quality plots using 5144462 reads.
2025-06-03 00:18:55,391 Saved ./LengthvsQualityScatterPlot_loglength_dot  as png (or png for --legacy)
2025-06-03 00:18:59,241 Saved ./LengthvsQualityScatterPlot_loglength_kde  as png (or png for --legacy)
2025-06-03 00:18:59,249 Created LengthvsQual plot
2025-06-03 00:18:59,249 Nanoplotter: Creating heatmap of reads per channel using 5147557 reads.
2025-06-03 00:19:03,038 Saved ./ActivityMap_ReadsPerChannel  as png (or png for --legacy)
2025-06-03 00:19:03,038 Created spatialheatmap for succesfull basecalls.
2025-06-03 00:19:03,038 Nanoplotter: Creating timeplots using 5147557 (full) or 10000 (subsampled dataset) reads.
2025-06-03 00:19:07,509 Saved ./CumulativeYieldPlot_Gigabases  as png (or png for --legacy)
2025-06-03 00:19:11,345 Saved ./CumulativeYieldPlot_NumberOfReads  as png (or png for --legacy)
2025-06-03 00:19:14,184 Saved ./NumberOfReads_Over_Time  as png (or png for --legacy)
2025-06-03 00:19:16,923 Saved ./ActivePores_Over_Time  as png (or png for --legacy)
2025-06-03 00:19:20,937 Saved ./TimeLengthViolinPlot  as png (or png for --legacy)
2025-06-03 00:19:24,433 Saved ./TimeQualityViolinPlot  as png (or png for --legacy)
2025-06-03 00:19:29,843 Saved ./TimeSequencingSpeed_ViolinPlot  as png (or png for --legacy)
2025-06-03 00:19:29,845 Nanoplotter: Creating timeplots using 5147557 (full) or 10000 (subsampled dataset) reads.
2025-06-03 00:19:33,516 Saved ./CumulativeYieldPlot_Gigabases  as png (or png for --legacy)
2025-06-03 00:19:38,166 Saved ./CumulativeYieldPlot_NumberOfReads  as png (or png for --legacy)
2025-06-03 00:19:42,276 Saved ./NumberOfReads_Over_Time  as png (or png for --legacy)
2025-06-03 00:19:48,901 Saved ./ActivePores_Over_Time  as png (or png for --legacy)
2025-06-03 00:19:52,890 Saved ./TimeLogLengthViolinPlot  as png (or png for --legacy)
2025-06-03 00:19:56,960 Saved ./TimeQualityViolinPlot  as png (or png for --legacy)
2025-06-03 00:20:00,798 Saved ./TimeSequencingSpeed_ViolinPlot  as png (or png for --legacy)
2025-06-03 00:20:00,800 Created timeplots.
2025-06-03 00:20:00,800 Writing html report.
2025-06-03 00:20:00,807 Finished!
